{"/home/luiscarlos/Documentos/projetos/animes/src/components/Card/index.tsx": {"path":"/home/luiscarlos/Documentos/projetos/animes/src/components/Card/index.tsx","statementMap":{"0":{"start":{"line":12,"column":20},"end":{"line":29,"column":1}},"1":{"start":{"line":13,"column":2},"end":{"line":28,"column":19}}},"fnMap":{"0":{"name":"(anonymous_0)","decl":{"start":{"line":12,"column":20},"end":{"line":12,"column":21}},"loc":{"start":{"line":13,"column":2},"end":{"line":28,"column":19}},"line":13}},"branchMap":{"0":{"loc":{"start":{"line":20,"column":9},"end":{"line":24,"column":9}},"type":"cond-expr","locations":[{"start":{"line":21,"column":10},"end":{"line":21,"column":48}},{"start":{"line":23,"column":10},"end":{"line":23,"column":38}}],"line":20}},"s":{"0":1,"1":1},"f":{"0":1},"b":{"0":[0,1]},"_coverageSchema":"1a1c01bbd47fc00a2c39e90264f33305004495a9","hash":"086daba0df7e5e0c3af294006daf2f191771e1a8"}
,"/home/luiscarlos/Documentos/projetos/animes/src/components/Heading/index.tsx": {"path":"/home/luiscarlos/Documentos/projetos/animes/src/components/Heading/index.tsx","statementMap":{"0":{"start":{"line":7,"column":23},"end":{"line":9,"column":1}},"1":{"start":{"line":8,"column":2},"end":{"line":8,"column":45}}},"fnMap":{"0":{"name":"(anonymous_0)","decl":{"start":{"line":7,"column":23},"end":{"line":7,"column":24}},"loc":{"start":{"line":8,"column":2},"end":{"line":8,"column":45}},"line":8}},"branchMap":{},"s":{"0":1,"1":1},"f":{"0":1},"b":{},"_coverageSchema":"1a1c01bbd47fc00a2c39e90264f33305004495a9","hash":"eb72a998e62b78f58df395d932a01b80aa320eb0"}
,"/home/luiscarlos/Documentos/projetos/animes/src/helpers/tests/renderWithTheme/index.tsx": {"path":"/home/luiscarlos/Documentos/projetos/animes/src/helpers/tests/renderWithTheme/index.tsx","statementMap":{"0":{"start":{"line":7,"column":31},"end":{"line":9,"column":1}},"1":{"start":{"line":8,"column":2},"end":{"line":8,"column":73}}},"fnMap":{"0":{"name":"(anonymous_0)","decl":{"start":{"line":7,"column":31},"end":{"line":7,"column":32}},"loc":{"start":{"line":7,"column":76},"end":{"line":9,"column":1}},"line":7}},"branchMap":{},"s":{"0":3,"1":3},"f":{"0":3},"b":{},"_coverageSchema":"1a1c01bbd47fc00a2c39e90264f33305004495a9","hash":"506a1661bb5c407f095f29a66b3acb8535971f1e"}
}
